This file contains any messages produced by compilers while
running configure, to aid debugging if configure makes a mistake.

It was created by preview-latex configure 11.84, which was
generated by GNU Autoconf 2.59.  Invocation command line was

  $ ./configure --prefix=/usr/local --cache-file=/dev/null --srcdir=.

## --------- ##
## Platform. ##
## --------- ##

hostname = commanders
uname -m = x86_64
uname -r = 3.5.0-28-generic
uname -s = Linux
uname -v = #48-Ubuntu SMP Tue Apr 23 23:03:38 UTC 2013

/usr/bin/uname -p = unknown
/bin/uname -X     = unknown

/bin/arch              = unknown
/usr/bin/arch -k       = unknown
/usr/convex/getsysinfo = unknown
hostinfo               = unknown
/bin/machine           = unknown
/usr/bin/oslevel       = unknown
/bin/universe          = unknown

PATH: /usr/local/sbin
PATH: /usr/local/bin
PATH: /usr/sbin
PATH: /usr/bin
PATH: /sbin
PATH: /bin
PATH: /usr/games
PATH: /usr/local/games


## ----------- ##
## Core tests. ##
## ----------- ##

configure:1274: checking whether make sets $(MAKE)
configure:1294: result: yes
configure:1341: checking for a BSD-compatible install
configure:1396: result: /usr/bin/install -c
configure:1463: checking for /usr/bin/emacs
configure:1493: result: /usr/bin/emacs
configure:1510: checking if /usr/bin/emacs is XEmacs
/usr/bin/emacs -batch -no-site-file -eval (let* ((x (if (featurep (quote xemacs)) "yes" "no"))) (write-region (if (stringp x) x (prin1-to-string x)) nil "./conftest-12079"))
Wrote /home/commanders2005/.emacs.d/auctex/auctex-20130402-a/preview/conftest-12079
=> no
configure:1532: result: no
configure:1536: checking for Emacs prefix
/usr/bin/emacs -batch -no-site-file -eval (let* ((cmd(pop command-line-args-left))(x (condition-case nil (let*
    ((prefix (directory-file-name (file-name-directory (executable-find cmd))))
     (parent (directory-file-name (file-name-directory prefix))))
    (if (string= (file-name-nondirectory prefix) "bin")
        (setq prefix parent)
      (if (string= (file-name-nondirectory parent) "bin")
         (setq prefix (directory-file-name (file-name-directory parent)))))
    prefix) (error NONE)))) (write-region (if (stringp x) x (prin1-to-string x)) nil "./conftest-12079")) /usr/bin/emacs
Wrote /home/commanders2005/.emacs.d/auctex/auctex-20130402-a/preview/conftest-12079
=> /usr
configure:1555: result: "/usr"
configure:1587: checking if Emacs is recent enough
/usr/bin/emacs -batch -no-site-file -eval (let* ((x (cond ((< emacs-major-version 21) "no")
			 ((> emacs-major-version 21) "yes")
			 ((< emacs-minor-version 01) "no")
			 (t "yes")))) (write-region (if (stringp x) x (prin1-to-string x)) nil "./conftest-12079"))
Wrote /home/commanders2005/.emacs.d/auctex/auctex-20130402-a/preview/conftest-12079
=> yes
configure:1601: result: yes
configure:1644: checking if build directory is valid
/usr/bin/emacs -batch -eval (let* ((x (if (or (member (directory-file-name default-directory) load-path)	      (member (file-name-as-directory default-directory) load-path))	 "no" "yes"))) (write-region (if (stringp x) x (prin1-to-string x)) nil "./conftest-12079"))
Loading 00debian-vars...
Loading /etc/emacs/site-start.d/20apel.el (source)...
Loading /etc/emacs/site-start.d/50asymptote.el (source)...
Loading /etc/emacs/site-start.d/50auto-complete-el.el (source)...
Loading /etc/emacs/site-start.d/50autoconf.el (source)...
Loading /etc/emacs/site-start.d/50bbdb.el (source)...
Loading /etc/emacs/site-start.d/50cmake-data.el (source)...
Loading /etc/emacs/site-start.d/50dictionaries-common.el (source)...
Loading debian-ispell...
Loading /var/cache/dictionaries-common/emacsen-ispell-default.el (source)...
Loading /var/cache/dictionaries-common/emacsen-ispell-dicts.el (source)...
Loading /etc/emacs/site-start.d/50emacs-goodies-el.el (source)...
Loading /etc/emacs/site-start.d/50ess.el (source)...
Loading /etc/emacs/site-start.d/50flim.el (source)...
Loading /etc/emacs/site-start.d/50lilypond-data.el (source)...
Loading /etc/emacs/site-start.d/50w3m-el.el (source)...
Loading /etc/emacs/site-start.d/51mu-cite.el (source)...
Loading /etc/emacs/site-start.d/51semi.el (source)...
Loading /etc/emacs/site-start.d/65wl-beta.el (source)...
Wrote /home/commanders2005/.emacs.d/auctex/auctex-20130402-a/preview/conftest-12079
=> yes
configure:1662: result: yes
configure:1753: checking where lisp files go
/usr/bin/emacs -batch -eval (let* ((prefix(pop command-line-args-left)) (expanded(pop command-line-args-left)) (x (catch 22
       (let (reldir (dirs load-path))
	  (dolist (name (list "emacs/site-lisp" "emacs/site-packages"
	         "site-lisp" "site-packages") "NONE")
	    (dolist (dir dirs)
	      (when (and dir
	      	         (setq dir (directory-file-name dir))
                         (file-name-absolute-p dir)
	      	         (file-directory-p dir)
	                 (not (string-match "\\`\\.\\."
                           (setq reldir (file-relative-name dir expanded))))
			 (not (file-name-absolute-p reldir))
                         (let ((name name) (dir dir))
		           (while (and dir name
		                       (string= (file-name-nondirectory dir)
		                                (file-name-nondirectory name))
                              (setq dir (file-name-directory dir)
				   name (file-name-directory name))
			      (if (and dir name)
			         (setq dir (directory-file-name dir)
			              name (directory-file-name name)))))
		            (null name))
		   (throw 22
                      (if (string= reldir ".") (directory-file-name prefix)
                        (concat (file-name-as-directory prefix)
                                reldir))))))))))) (write-region (if (stringp x) x (prin1-to-string x)) nil "./conftest-12079")) ${datadir}/emacs /usr/local/share/emacs
Loading 00debian-vars...
Loading /etc/emacs/site-start.d/20apel.el (source)...
Loading /etc/emacs/site-start.d/50asymptote.el (source)...
Loading /etc/emacs/site-start.d/50auto-complete-el.el (source)...
Loading /etc/emacs/site-start.d/50autoconf.el (source)...
Loading /etc/emacs/site-start.d/50bbdb.el (source)...
Loading /etc/emacs/site-start.d/50cmake-data.el (source)...
Loading /etc/emacs/site-start.d/50dictionaries-common.el (source)...
Loading debian-ispell...
Loading /var/cache/dictionaries-common/emacsen-ispell-default.el (source)...
Loading /var/cache/dictionaries-common/emacsen-ispell-dicts.el (source)...
Loading /etc/emacs/site-start.d/50emacs-goodies-el.el (source)...
Loading /etc/emacs/site-start.d/50ess.el (source)...
Loading /etc/emacs/site-start.d/50flim.el (source)...
Loading /etc/emacs/site-start.d/50lilypond-data.el (source)...
Loading /etc/emacs/site-start.d/50w3m-el.el (source)...
Loading /etc/emacs/site-start.d/51mu-cite.el (source)...
Loading /etc/emacs/site-start.d/51semi.el (source)...
Loading /etc/emacs/site-start.d/65wl-beta.el (source)...
Wrote /home/commanders2005/.emacs.d/auctex/auctex-20130402-a/preview/conftest-12079
=> ${datadir}/emacs/site-lisp
configure:1828: result: ${datadir}/emacs/site-lisp
configure:1832: checking what file to use for preview startup
configure:1859: result: ${datadir}/emacs/site-lisp/preview-latex.el
configure:1873: checking where the package lisp files go
/usr/bin/emacs -batch -no-site-file -eval (let* ((path(pop command-line-args-left)) (lispdir(pop command-line-args-left)) (startup(pop command-line-args-left)) (target(pop command-line-args-left))(x (progn (setq path (directory-file-name path))
  (if (or target
          (not (string= (car load-path) (directory-file-name (car load-path)))))
    (setq path (file-name-as-directory path)))
  (setq path (expand-file-name path lispdir))
  (setq startupdir (file-name-directory (expand-file-name startup lispdir)))
  (prin1-to-string
    (if (or (string-match "\\`\\.\\."
              (setq relname (file-relative-name startupdir lispdir)))
            (file-name-absolute-p relname)
	    (string-match "\\`\\.\\."
              (setq relname (file-relative-name path lispdir)))
 	    (file-name-absolute-p relname))
	  (concat path target)
	(cond (target
	       `(expand-file-name
                   ,(file-relative-name (concat path target) startupdir)
	           (file-name-directory load-file-name)))
              ((string= path startupdir)
	         '(file-name-directory load-file-name))
	      ((string= path (directory-file-name startupdir))
                 '(directory-file-name (file-name-directory load-file-name)))
              (t
	       `(expand-file-name
                   ,(file-relative-name path startupdir)
	           (file-name-directory load-file-name))))))))) (write-region (if (stringp x) x (prin1-to-string x)) nil "./conftest-12079")) /usr/local/share/emacs/site-lisp/auctex /usr/local/share/emacs/site-lisp /usr/local/share/emacs/site-lisp/preview-latex.el
Wrote /home/commanders2005/.emacs.d/auctex/auctex-20130402-a/preview/conftest-12079
=> (expand-file-name "auctex" (file-name-directory load-file-name))
configure:1954: result: ${datadir}/emacs/site-lisp/auctex
configure:1957: checking where the data files go
/usr/bin/emacs -batch -no-site-file -eval (let* ((path(pop command-line-args-left)) (lispdir(pop command-line-args-left)) (startup(pop command-line-args-left)) (target(pop command-line-args-left))(x (progn (setq path (directory-file-name path))
  (if (or target
          (not (string= (car load-path) (directory-file-name (car load-path)))))
    (setq path (file-name-as-directory path)))
  (setq path (expand-file-name path lispdir))
  (setq startupdir (file-name-directory (expand-file-name startup lispdir)))
  (prin1-to-string
    (if (or (string-match "\\`\\.\\."
              (setq relname (file-relative-name startupdir lispdir)))
            (file-name-absolute-p relname)
	    (string-match "\\`\\.\\."
              (setq relname (file-relative-name path lispdir)))
 	    (file-name-absolute-p relname))
	  (concat path target)
	(cond (target
	       `(expand-file-name
                   ,(file-relative-name (concat path target) startupdir)
	           (file-name-directory load-file-name)))
              ((string= path startupdir)
	         '(file-name-directory load-file-name))
	      ((string= path (directory-file-name startupdir))
                 '(directory-file-name (file-name-directory load-file-name)))
              (t
	       `(expand-file-name
                   ,(file-relative-name path startupdir)
	           (file-name-directory load-file-name))))))))) (write-region (if (stringp x) x (prin1-to-string x)) nil "./conftest-12079")) /usr/local/share/emacs/site-lisp/auctex /usr/local/share/emacs/site-lisp /usr/local/share/emacs/site-lisp/preview-latex.el
Wrote /home/commanders2005/.emacs.d/auctex/auctex-20130402-a/preview/conftest-12079
=> (expand-file-name "auctex" (file-name-directory load-file-name))
configure:2038: result: ${datadir}/emacs/site-lisp/auctex
configure:2045: checking for the location of AUCTeX's tex-site.el
configure:2099: result: ..
configure:2110: checking for gs
configure:2126: found /usr/bin/gs
configure:2136: result: gs
/usr/bin/emacs -batch -no-site-file -eval (let* ((dir(pop command-line-args-left))(x (if (member dir (list "NONE" (if (eq system-type 'windows-nt) "GSWIN32C.EXE" "gs"))) "" `(defvar preview-gs-command ,dir)))) (write-region (if (stringp x) x (prin1-to-string x)) nil "./conftest-12079")) gs
Wrote /home/commanders2005/.emacs.d/auctex/auctex-20130402-a/preview/conftest-12079
=> 
configure:2163: checking for latex
configure:2181: found /usr/bin/latex
configure:2194: result: /usr/bin/latex
configure:2212: checking for pdflatex
configure:2230: found /usr/bin/pdflatex
configure:2242: result: /usr/bin/pdflatex
configure:2260: checking for tex
configure:2291: result: /usr/bin/tex
configure:2402: checking for prefix from kpsepath
/usr/bin/emacs -batch -no-site-file -eval (let* ((cmd(pop command-line-args-left))(x (condition-case nil (let*
    ((prefix (directory-file-name (file-name-directory (executable-find cmd))))
     (parent (directory-file-name (file-name-directory prefix))))
    (if (string= (file-name-nondirectory prefix) "bin")
        (setq prefix parent)
      (if (string= (file-name-nondirectory parent) "bin")
         (setq prefix (directory-file-name (file-name-directory parent)))))
    prefix) (error NONE)))) (write-region (if (stringp x) x (prin1-to-string x)) nil "./conftest-12079")) kpsepath
Wrote /home/commanders2005/.emacs.d/auctex/auctex-20130402-a/preview/conftest-12079
=> /usr
configure:2426: result: "/usr"
configure:2429: checking for TDS-compliant directory
/usr/bin/emacs -batch -no-site-file -eval (let* ((prefix(pop command-line-args-left)) (expanded(pop command-line-args-left)) (pathoutput(pop command-line-args-left))(x (catch 22
       (let (reldir (dirs (mapcar (lambda(x)
              (and (string-match "\\`!*\\(.*\\)/tex/latex//+\\'" x)
	           (match-string 1 x)))
      (append (split-string pathoutput ";")
             (split-string pathoutput ":")))))
	  (dolist (name (list nil) "NONE")
	    (dolist (dir dirs)
	      (when (and dir
	      	         (setq dir (directory-file-name dir))
                         (file-name-absolute-p dir)
	      	         (file-directory-p dir)
	                 (not (string-match "\\`\\.\\."
                           (setq reldir (file-relative-name dir expanded))))
			 (not (file-name-absolute-p reldir))
                         (let ((name name) (dir dir))
		           (while (and dir name
		                       (string= (file-name-nondirectory dir)
		                                (file-name-nondirectory name))
                              (setq dir (file-name-directory dir)
				   name (file-name-directory name))
			      (if (and dir name)
			         (setq dir (directory-file-name dir)
			              name (directory-file-name name)))))
		            (null name))
		   (throw 22
                      (if (string= reldir ".") (directory-file-name prefix)
                        (concat (file-name-as-directory prefix)
                                reldir))))))))))) (write-region (if (stringp x) x (prin1-to-string x)) nil "./conftest-12079")) ${datadir}/texmf /usr/local/share/texmf .:/home/commanders2005/.texmf-config/tex/latex//:/home/commanders2005/.texmf-var/tex/latex//:/home/commanders2005/texmf/tex/latex//:/etc/texmf/tex/latex//:!!/var/lib/texmf/tex/latex//:!!/usr/share/texmf/tex/latex//:!!/usr/share/texlive/texmf/tex/latex//:!!/usr/local/share/texmf/tex/latex//:!!/usr/share/texlive/texmf-dist/tex/latex//:/home/commanders2005/.texmf-config/tex/generic//:/home/commanders2005/.texmf-var/tex/generic//:/home/commanders2005/texmf/tex/generic//:/etc/texmf/tex/generic//:!!/var/lib/texmf/tex/generic//:!!/usr/share/texmf/tex/generic//:!!/usr/share/texlive/texmf/tex/generic//:!!/usr/local/share/texmf/tex/generic//:!!/usr/share/texlive/texmf-dist/tex/generic//:/home/commanders2005/.texmf-config/tex///:/home/commanders2005/.texmf-var/tex///:/home/commanders2005/texmf/tex///:/etc/texmf/tex///:!!/var/lib/texmf/tex///:!!/usr/share/texmf/tex///:!!/usr/share/texlive/texmf/tex///:!!/usr/local/share/texmf/tex///:!!/usr/share/texlive/texmf-dist/tex///
Wrote /home/commanders2005/.emacs.d/auctex/auctex-20130402-a/preview/conftest-12079
=> ${datadir}/texmf
configure:2636: result: ${datadir}/texmf
configure:2739: checking for texhash
configure:2757: found /usr/bin/texhash
configure:2769: result: /usr/bin/texhash
configure:2778: checking for initexmf
configure:2804: result: /usr/bin/texhash
configure:2861: checking for glaring installation conflicts
/usr/bin/emacs -batch -eval (let* ((packagelispdir(pop command-line-args-left)) (previewstartfile(pop command-line-args-left))(x 
  (concat
    (and (setq tmp (locate-library "preview.elc"))
         (not (string= (file-truename tmp)
	               (file-truename (expand-file-name "preview.elc"
                                      packagelispdir))))
         (format "Conflicting previous installation in `%s' found!\n"
                 (file-name-directory tmp)))
    (and (setq tmp (locate-library "preview-latex.el"))
         (not (string= (file-truename tmp)
                       (file-truename previewstartfile)))
         (format "Conflicting previous startup file `%s' found!\n" tmp))))) (write-region (if (stringp x) x (prin1-to-string x)) nil "./conftest-12079")) /usr/local/share/emacs/site-lisp/auctex /usr/local/share/emacs/site-lisp/preview-latex.el
Loading 00debian-vars...
Loading /etc/emacs/site-start.d/20apel.el (source)...
Loading /etc/emacs/site-start.d/50asymptote.el (source)...
Loading /etc/emacs/site-start.d/50auto-complete-el.el (source)...
Loading /etc/emacs/site-start.d/50autoconf.el (source)...
Loading /etc/emacs/site-start.d/50bbdb.el (source)...
Loading /etc/emacs/site-start.d/50cmake-data.el (source)...
Loading /etc/emacs/site-start.d/50dictionaries-common.el (source)...
Loading debian-ispell...
Loading /var/cache/dictionaries-common/emacsen-ispell-default.el (source)...
Loading /var/cache/dictionaries-common/emacsen-ispell-dicts.el (source)...
Loading /etc/emacs/site-start.d/50emacs-goodies-el.el (source)...
Loading /etc/emacs/site-start.d/50ess.el (source)...
Loading /etc/emacs/site-start.d/50flim.el (source)...
Loading /etc/emacs/site-start.d/50lilypond-data.el (source)...
Loading /etc/emacs/site-start.d/50w3m-el.el (source)...
Loading /etc/emacs/site-start.d/51mu-cite.el (source)...
Loading /etc/emacs/site-start.d/51semi.el (source)...
Loading /etc/emacs/site-start.d/65wl-beta.el (source)...
Wrote /home/commanders2005/.emacs.d/auctex/auctex-20130402-a/preview/conftest-12079
=> 
configure:2923: result: probably none
configure:3132: creating ./config.status

## ---------------------- ##
## Running config.status. ##
## ---------------------- ##

This file was extended by preview-latex config.status 11.84, which was
generated by GNU Autoconf 2.59.  Invocation command line was

  CONFIG_FILES    = 
  CONFIG_HEADERS  = 
  CONFIG_LINKS    = 
  CONFIG_COMMANDS = 
  $ ./config.status 

on commanders

config.status:659: creating Makefile
config.status:659: creating auto.el
config.status:659: creating latex/Makefile

## ---------------- ##
## Cache variables. ##
## ---------------- ##

ac_cv_env_GS_set=
ac_cv_env_GS_value=
ac_cv_env_TEXHASH_set=
ac_cv_env_TEXHASH_value=
ac_cv_env_build_alias_set=
ac_cv_env_build_alias_value=
ac_cv_env_host_alias_set=
ac_cv_env_host_alias_value=
ac_cv_env_target_alias_set=
ac_cv_env_target_alias_value=
ac_cv_path_EMACS=/usr/bin/emacs
ac_cv_path_LATEX=/usr/bin/latex
ac_cv_path_PDFLATEX=/usr/bin/pdflatex
ac_cv_path_TEX=/usr/bin/tex
ac_cv_path_TEXHASH=/usr/bin/texhash
ac_cv_path_install='/usr/bin/install -c'
ac_cv_prog_GS=gs
ac_cv_prog_TEXHASH=/usr/bin/texhash
ac_cv_prog_make_make_set=yes

## ----------------- ##
## Output variables. ##
## ----------------- ##

DEFS='-DPACKAGE_NAME=\"preview-latex\" -DPACKAGE_TARNAME=\"preview-latex\" -DPACKAGE_VERSION=\"11.84\" -DPACKAGE_STRING=\"preview-latex\ 11.84\" -DPACKAGE_BUGREPORT=\"bug-auctex@gnu.org\" '
ECHO_C=''
ECHO_N='-n'
ECHO_T=''
EMACS='/usr/bin/emacs'
EMACS_FLAVOR='emacs'
GS='gs'
INSTALL_DATA='${INSTALL} -m 644'
INSTALL_PROGRAM='${INSTALL}'
INSTALL_SCRIPT='${INSTALL}'
LATEX='/usr/bin/latex'
LIBOBJS=''
LIBS=''
LTLIBOBJS=''
PACKAGE_BUGREPORT='bug-auctex@gnu.org'
PACKAGE_NAME='preview-latex'
PACKAGE_STRING='preview-latex 11.84'
PACKAGE_TARNAME='preview-latex'
PACKAGE_VERSION='11.84'
PATH_SEPARATOR=':'
PDFLATEX='/usr/bin/pdflatex'
PLAT_LISP='prv-emacs.el'
SET_MAKE=''
SHELL='/bin/bash'
TEX='/usr/bin/tex'
TEXHASH='/usr/bin/texhash'
TEXMFGEN='preview.sty prauctex.def prauctex.cfg prshowbox.def prshowlabels.def prtracingall.def prtightpage.def prlyx.def prcounters.def prfootnotes.def'
XEMACS='no'
auctexdir='..'
bindir='${exec_prefix}/bin'
build_alias=''
datadir='${prefix}/share'
exec_prefix='${prefix}'
host_alias=''
includedir='${prefix}/include'
infodir='${prefix}/info'
libdir='${exec_prefix}/lib'
libexecdir='${exec_prefix}/libexec'
lispGS=''
lispdir='${datadir}/emacs/site-lisp'
lisppackagedatadir='(expand-file-name "auctex" (file-name-directory load-file-name))'
lisppackagelispdir='(expand-file-name "auctex" (file-name-directory load-file-name))'
lisppackagetexstyles=''
localstatedir='${prefix}/var'
mandir='${prefix}/man'
oldincludedir='/usr/include'
packagedatadir='${datadir}/emacs/site-lisp/auctex'
packagedir='no'
packagelispdir='${datadir}/emacs/site-lisp/auctex'
packagetexstyles=''
prefix='/usr/local'
previewdocdir='${datadir}/texmf/doc/latex/styles'
previewstartfile='${datadir}/emacs/site-lisp/preview-latex.el'
previewtexmfdir='${datadir}/texmf/tex/latex/preview'
program_transform_name='s,x,x,'
sbindir='${exec_prefix}/sbin'
sharedstatedir='${prefix}/com'
sysconfdir='${prefix}/etc'
target_alias=''
texmfdir='${datadir}/texmf'

## ----------- ##
## confdefs.h. ##
## ----------- ##

#define PACKAGE_BUGREPORT "bug-auctex@gnu.org"
#define PACKAGE_NAME "preview-latex"
#define PACKAGE_STRING "preview-latex 11.84"
#define PACKAGE_TARNAME "preview-latex"
#define PACKAGE_VERSION "11.84"

configure: exit 0
